<?xml version="1.0" encoding="UTF-8"?>
<!-- Generated by org.testng.reporters.JUnitReportReporter -->
<testsuite skipped="0" hostname="LAPTOP-PS1POP1E" name="JenkinMaven.mavenIntegration.JenkinsTest" tests="2" failures="0" timestamp="2022-01-19T15:12:06 IST" time="0.019" errors="0">
  <testcase name="tc1" time="0.016" classname="JenkinMaven.mavenIntegration.JenkinsTest"/>
  <system-out/>
  <testcase name="tc2" time="0.003" classname="JenkinMaven.mavenIntegration.JenkinsTest"/>
  <system-out/>
</testsuite> <!-- JenkinMaven.mavenIntegration.JenkinsTest -->
