<?xml version="1.0" encoding="UTF-8"?>
<!-- Generated by org.testng.reporters.JUnitReportReporter -->
<testsuite skipped="0" hostname="LAPTOP-PS1POP1E" name="JenkinMaven.mavenIntegration.JenkinsTest2" tests="1" failures="0" timestamp="2022-01-19T22:47:43 IST" time="0.016" errors="0">
  <testcase name="testCase" time="0.016" classname="JenkinMaven.mavenIntegration.JenkinsTest2"/>
  <system-out/>
</testsuite> <!-- JenkinMaven.mavenIntegration.JenkinsTest2 -->
