<?xml version="1.0" encoding="UTF-8"?>
<!-- Generated by org.testng.reporters.JUnitReportReporter -->
<testsuite skipped="0" hostname="LAPTOP-PS1POP1E" name="JenkinMaven.mavenIntegration.JenkinsTest" tests="3" failures="0" timestamp="2022-01-25T20:24:07 IST" time="0.008" errors="0">
  <testcase name="tc2" time="0.000" classname="JenkinMaven.mavenIntegration.JenkinsTest"/>
  <system-out/>
  <testcase name="tc1" time="0.008" classname="JenkinMaven.mavenIntegration.JenkinsTest"/>
  <system-out/>
  <testcase name="tc3" time="0.000" classname="JenkinMaven.mavenIntegration.JenkinsTest"/>
  <system-out/>
</testsuite> <!-- JenkinMaven.mavenIntegration.JenkinsTest -->
